Build started 3. 2. 2015 22:05:44.
     1>Project "C:\Users\Martin\Documents\GitHub\Our-very-first-game\The_Game\The_Game\The_Game.vcxproj" on node 2 (Build target(s)).
     1>ClCompile:
         C:\Program Files (x86)\Microsoft Visual Studio 12.0\VC\bin\CL.exe /c /I"C:\Users\Martin\Documents\GitHub\Our-very-first-game\SFML\include" /Zi /nologo /W3 /WX- /sdl /O2 /Oi /Oy- /GL /D WIN32 /D NDEBUG /D _CONSOLE /D _LIB /D _UNICODE /D UNICODE /Gm- /EHsc /MD /GS /Gy /fp:precise /Zc:wchar_t /Zc:forScope /Fo"Release\\" /Fd"Release\vc120.pdb" /Gd /TP /analyze- /errorReport:prompt main.cpp
         main.cpp
     1>main.cpp(113): warning C4244: 'argument' : conversion from 'double' to 'float', possible loss of data
     1>main.cpp(118): warning C4244: 'argument' : conversion from 'double' to 'float', possible loss of data
     1>main.cpp(123): warning C4244: 'argument' : conversion from 'double' to 'float', possible loss of data
     1>main.cpp(128): warning C4244: 'argument' : conversion from 'double' to 'float', possible loss of data
     1>main.cpp(136): warning C4244: 'argument' : conversion from 'double' to 'float', possible loss of data
     1>main.cpp(141): warning C4244: 'argument' : conversion from 'double' to 'float', possible loss of data
     1>main.cpp(146): warning C4244: 'argument' : conversion from 'double' to 'float', possible loss of data
     1>main.cpp(151): warning C4244: 'argument' : conversion from 'double' to 'float', possible loss of data
     1>main.cpp(177): warning C4018: '>=' : signed/unsigned mismatch
     1>main.cpp(180): warning C4018: '>=' : signed/unsigned mismatch
       Link:
         C:\Program Files (x86)\Microsoft Visual Studio 12.0\VC\bin\link.exe /ERRORREPORT:PROMPT /OUT:"C:\Users\Martin\Documents\GitHub\Our-very-first-game\The_Game\Release\The_Game.exe" /INCREMENTAL:NO /NOLOGO /LIBPATH:"C:\Users\Martin\Documents\GitHub\Our-very-first-game\SFML\lib" "sfml-graphics.lib" "sfml-system.lib" "sfml-window.lib" kernel32.lib user32.lib gdi32.lib winspool.lib comdlg32.lib advapi32.lib shell32.lib ole32.lib oleaut32.lib uuid.lib odbc32.lib odbccp32.lib /MANIFEST /MANIFESTUAC:"level='asInvoker' uiAccess='false'" /manifest:embed /DEBUG /PDB:"C:\Users\Martin\Documents\GitHub\Our-very-first-game\The_Game\Release\The_Game.pdb" /SUBSYSTEM:CONSOLE /OPT:REF /OPT:ICF /LTCG /TLBID:1 /DYNAMICBASE /NXCOMPAT /IMPLIB:"C:\Users\Martin\Documents\GitHub\Our-very-first-game\The_Game\Release\The_Game.lib" /MACHINE:X86 /SAFESEH Release\main.obj
         Generating code
         Finished generating code
         The_Game.vcxproj -> C:\Users\Martin\Documents\GitHub\Our-very-first-game\The_Game\Release\The_Game.exe
     1>Done Building Project "C:\Users\Martin\Documents\GitHub\Our-very-first-game\The_Game\The_Game\The_Game.vcxproj" (Build target(s)).

Build succeeded.

Time Elapsed 00:00:01.05
