c:\users\martin\documents\github\our-very-first-game\the_game\the_game\release\vc120.pdb
c:\users\martin\documents\github\our-very-first-game\the_game\the_game\release\rocket_missile.obj
c:\users\martin\documents\github\our-very-first-game\the_game\the_game\release\player.obj
c:\users\martin\documents\github\our-very-first-game\the_game\the_game\release\enemy.obj
c:\users\martin\documents\github\our-very-first-game\the_game\the_game\release\armor.obj
c:\users\martin\documents\github\our-very-first-game\the_game\the_game\release\armor.xdc
c:\users\martin\documents\github\our-very-first-game\the_game\the_game\release\enemy.xdc
c:\users\martin\documents\github\our-very-first-game\the_game\the_game\release\main.xdc
c:\users\martin\documents\github\our-very-first-game\the_game\the_game\release\player.xdc
c:\users\martin\documents\github\our-very-first-game\the_game\the_game\release\rocket_missile.xdc
c:\users\martin\documents\github\our-very-first-game\the_game\the_game\release\main.obj
c:\users\martin\documents\github\our-very-first-game\the_game\the_game\release\character.xdc
c:\users\martin\documents\github\our-very-first-game\the_game\the_game\release\player1.xdc
c:\users\martin\documents\github\our-very-first-game\the_game\the_game\release\rune.xdc
c:\users\martin\documents\github\our-very-first-game\the_game\the_game\release\rune.obj
c:\users\martin\documents\github\our-very-first-game\the_game\the_game\release\player1.obj
c:\users\martin\documents\github\our-very-first-game\the_game\the_game\release\character.obj
c:\users\martin\documents\github\our-very-first-game\the_game\the_game\release\game.xdc
c:\users\martin\documents\github\our-very-first-game\the_game\the_game\release\game.obj
c:\users\martin\documents\github\our-very-first-game\the_game\the_game\release\armorrune.xdc
c:\users\martin\documents\github\our-very-first-game\the_game\the_game\release\armorrune.obj
c:\users\martin\documents\github\our-very-first-game\the_game\the_game\release\worldobject.xdc
c:\users\martin\documents\github\our-very-first-game\the_game\the_game\release\worldobject.obj
c:\users\martin\documents\github\our-very-first-game\the_game\the_game\release\buff.xdc
c:\users\martin\documents\github\our-very-first-game\the_game\the_game\release\buff.obj
c:\users\martin\documents\github\our-very-first-game\the_game\the_game\release\armor25.xdc
c:\users\martin\documents\github\our-very-first-game\the_game\the_game\release\speed.xdc
c:\users\martin\documents\github\our-very-first-game\the_game\the_game\release\speed.obj
c:\users\martin\documents\github\our-very-first-game\the_game\the_game\release\armor25.obj
c:\users\martin\documents\github\our-very-first-game\the_game\the_game\release\bullet.xdc
c:\users\martin\documents\github\our-very-first-game\the_game\the_game\release\bullet.obj
c:\users\martin\documents\github\our-very-first-game\the_game\the_game\release\missile.xdc
c:\users\martin\documents\github\our-very-first-game\the_game\the_game\release\missile.obj
c:\users\martin\documents\github\our-very-first-game\the_game\release\the_game.exe
c:\users\martin\documents\github\our-very-first-game\the_game\release\the_game.pdb
c:\users\martin\documents\github\our-very-first-game\the_game\release\the_game.xml
c:\users\martin\documents\github\our-very-first-game\the_game\the_game\release\nativecodeanalysis.read.1.tlog
c:\users\martin\documents\github\our-very-first-game\the_game\the_game\release\armor.nativecodeanalysis.xml
c:\users\martin\documents\github\our-very-first-game\the_game\the_game\release\enemy.nativecodeanalysis.xml
c:\users\martin\documents\github\our-very-first-game\the_game\the_game\release\main.nativecodeanalysis.xml
c:\users\martin\documents\github\our-very-first-game\the_game\the_game\release\player.nativecodeanalysis.xml
c:\users\martin\documents\github\our-very-first-game\the_game\the_game\release\rocket_missile.nativecodeanalysis.xml
c:\users\martin\documents\github\our-very-first-game\the_game\the_game\release\vc.nativecodeanalysis.all.xml
c:\users\martin\documents\github\our-very-first-game\the_game\release\the_game.exe.lastcodeanalysissucceeded
c:\users\martin\documents\github\our-very-first-game\the_game\the_game\release\the_game.tlog\cl.command.1.tlog
c:\users\martin\documents\github\our-very-first-game\the_game\the_game\release\the_game.tlog\cl.read.1.tlog
c:\users\martin\documents\github\our-very-first-game\the_game\the_game\release\the_game.tlog\cl.write.1.tlog
c:\users\martin\documents\github\our-very-first-game\the_game\the_game\release\the_game.tlog\link.command.1.tlog
c:\users\martin\documents\github\our-very-first-game\the_game\the_game\release\the_game.tlog\link.read.1.tlog
c:\users\martin\documents\github\our-very-first-game\the_game\the_game\release\the_game.tlog\link.write.1.tlog
c:\users\martin\documents\github\our-very-first-game\the_game\the_game\release\the_game.tlog\xdcmake.command.1.tlog
c:\users\martin\documents\github\our-very-first-game\the_game\the_game\release\the_game.tlog\xdcmake.read.1.tlog
c:\users\martin\documents\github\our-very-first-game\the_game\the_game\release\the_game.tlog\xdcmake.write.1.tlog
